Output format is aligned.
Border style is 2.
Null display is "(null)".
== games.hometeam orphans (codes not in retro.teams) ==
+------+----+----------+---------+
| team | n  | first_yr | last_yr |
+------+----+----------+---------+
| ALM  |  3 |     1935 |    1935 |
| BIS  |  1 |     1935 |    1935 |
| CCB  | 74 |     1942 |    1942 |
| CCR  | 10 |     1946 |    1946 |
| HOE  | 30 |     1949 |    1949 |
| LCB  | 44 |     1949 |    1949 |
| NAL  |  8 |     1937 |    1942 |
| NNL  |  4 |     1937 |    1938 |
| PHB  |  1 |     1945 |    1945 |
| SPZ  |  1 |     1945 |    1945 |
| STA  |  1 |     1921 |    1921 |
| VMA  |  1 |     1946 |    1946 |
+------+----+----------+---------+
(12 rows)


== games.visteam orphans ==
+------+----+----------+---------+
| team | n  | first_yr | last_yr |
+------+----+----------+---------+
| BXG  |  1 |     1925 |    1925 |
| CCB  | 26 |     1942 |    1942 |
| CCR  | 26 |     1946 |    1946 |
| HOE  | 57 |     1949 |    1949 |
| LCB  | 43 |     1949 |    1949 |
| NAL  |  5 |     1937 |    1942 |
| NNL  |  5 |     1937 |    1941 |
| SDO  |  4 |     1937 |    1937 |
+------+----+----------+---------+
(8 rows)


== teamstats.team orphans ==
+------+-----+----------+---------+
| team |  n  | first_yr | last_yr |
+------+-----+----------+---------+
| ALM  |   3 |     1935 |    1935 |
| BIS  |   1 |     1935 |    1935 |
| BXG  |   1 |     1925 |    1925 |
| CCB  | 102 |     1942 |    1942 |
| CCR  |  38 |     1946 |    1946 |
| HOE  | 105 |     1949 |    1949 |
| LCB  | 107 |     1949 |    1949 |
| NAL  |  13 |     1937 |    1942 |
| NNL  |   9 |     1937 |    1941 |
| PHB  |   1 |     1945 |    1945 |
| SDO  |   4 |     1937 |    1937 |
| SPZ  |   1 |     1945 |    1945 |
| STA  |   1 |     1921 |    1921 |
| VMA  |   1 |     1946 |    1946 |
+------+-----+----------+---------+
(14 rows)


== batting.team orphans ==
+------+-----+----------+---------+
| team |  n  | first_yr | last_yr |
+------+-----+----------+---------+
| ALM  |  29 |     1935 |    1935 |
| BIS  |   9 |     1935 |    1935 |
| BXG  |  10 |     1925 |    1925 |
| CCB  | 592 |     1942 |    1942 |
| CCR  | 183 |     1946 |    1946 |
| HOE  | 404 |     1949 |    1949 |
| LCB  | 349 |     1949 |    1949 |
| NAL  |  78 |     1937 |    1942 |
| NNL  |  59 |     1937 |    1941 |
| PHB  |  19 |     1945 |    1945 |
| SDO  |  34 |     1937 |    1937 |
| SPZ  |  10 |     1945 |    1945 |
| STA  |  12 |     1921 |    1921 |
| VMA  |   9 |     1946 |    1946 |
+------+-----+----------+---------+
(14 rows)


== pitching.team orphans ==
+------+-----+----------+---------+
| team |  n  | first_yr | last_yr |
+------+-----+----------+---------+
| ALM  |   4 |     1935 |    1935 |
| BIS  |   1 |     1935 |    1935 |
| BXG  |   2 |     1925 |    1925 |
| CCB  | 127 |     1942 |    1942 |
| CCR  |  56 |     1946 |    1946 |
| HOE  | 118 |     1949 |    1949 |
| LCB  | 130 |     1949 |    1949 |
| NAL  |  22 |     1937 |    1942 |
| NNL  |  13 |     1937 |    1941 |
| PHB  |   3 |     1945 |    1945 |
| SDO  |   6 |     1937 |    1937 |
| SPZ  |   2 |     1945 |    1945 |
| STA  |   2 |     1921 |    1921 |
| VMA  |   1 |     1946 |    1946 |
+------+-----+----------+---------+
(14 rows)


== fielding.team orphans ==
+------+-----+----------+---------+
| team |  n  | first_yr | last_yr |
+------+-----+----------+---------+
| ALM  |  30 |     1935 |    1935 |
| BIS  |   9 |     1935 |    1935 |
| BXG  |  10 |     1925 |    1925 |
| CCB  | 491 |     1942 |    1942 |
| CCR  | 156 |     1946 |    1946 |
| HOE  | 362 |     1949 |    1949 |
| LCB  | 279 |     1949 |    1949 |
| NAL  |  75 |     1937 |    1942 |
| NNL  |  54 |     1937 |    1941 |
| PHB  |  19 |     1945 |    1945 |
| SDO  |  32 |     1937 |    1937 |
| SPZ  |  10 |     1945 |    1945 |
| STA  |  14 |     1921 |    1921 |
| VMA  |   9 |     1946 |    1946 |
+------+-----+----------+---------+
(14 rows)


== plays.batteam / plays.pitteam orphans ==
+---------+------+-----+
|   col   | team |  n  |
+---------+------+-----+
| batteam | ALM  |  93 |
| batteam | HOE  | 760 |
| batteam | LCB  | 371 |
| batteam | NAL  | 124 |
| batteam | NNL  | 134 |
| batteam | PHB  |  41 |
| batteam | SDO  | 119 |
| batteam | SPZ  |  35 |
| pitteam | ALM  |  95 |
| pitteam | HOE  | 694 |
| pitteam | LCB  | 384 |
| pitteam | NAL  | 134 |
| pitteam | NNL  | 124 |
| pitteam | PHB  |  42 |
| pitteam | SDO  | 121 |
| pitteam | SPZ  |  38 |
+---------+------+-----+
(16 rows)


== players_team_year.team orphans ==
+------+----+----------+---------+
| team | n  | first_yr | last_yr |
+------+----+----------+---------+
| ALM  | 12 |     1935 |    1935 |
| BIS  | 16 |     1935 |    1935 |
| BXG  | 10 |     1925 |    1925 |
| CCB  | 35 |     1942 |    1942 |
| CCR  | 31 |     1946 |    1946 |
| HOE  | 30 |     1949 |    1949 |
| JAC  |  1 |     1941 |    1941 |
| LCB  | 37 |     1949 |    1949 |
| NAL  | 67 |     1937 |    1942 |
| NNL  | 67 |     1937 |    1941 |
| PHB  | 25 |     1945 |    1945 |
| SDO  | 14 |     1937 |    1937 |
| SPZ  | 10 |     1945 |    1945 |
| STA  | 12 |     1921 |    1921 |
| VMA  |  9 |     1946 |    1946 |
+------+----+----------+---------+
(15 rows)

