Output format is aligned.
Border style is 2.
Null display is "(null)".
== Global stattype distribution (all years, all 4 tables combined) ==
+----------+----------+---------+
| stattype |    n     |   pct   |
+----------+----------+---------+
| value    | 11865906 | 98.9303 |
| official |   122284 |  1.0195 |
| lower    |     4925 |  0.0411 |
| upper    |     1099 |  0.0092 |
+----------+----------+---------+
(4 rows)


== Per-table stattype distribution ==
+-----------+----------+---------+---------+
|    tbl    | stattype |    n    |   pct   |
+-----------+----------+---------+---------+
| batting   | value    | 5360162 | 99.3253 |
| batting   | official |   32250 |  0.5976 |
| batting   | lower    |    4155 |  0.0770 |
| batting   | upper    |       8 |  0.0001 |
| fielding  | value    | 4918650 | 99.7051 |
| fielding  | official |   14180 |  0.2874 |
| fielding  | lower    |     198 |  0.0040 |
| fielding  | upper    |     171 |  0.0035 |
| pitching  | value    | 1168472 | 97.4201 |
| pitching  | official |   30005 |  2.5016 |
| pitching  | upper    |     699 |  0.0583 |
| pitching  | lower    |     240 |  0.0200 |
| teamstats | value    |  418622 | 90.0216 |
| teamstats | official |   45849 |  9.8595 |
| teamstats | lower    |     332 |  0.0714 |
| teamstats | upper    |     221 |  0.0475 |
+-----------+----------+---------+---------+
(16 rows)


== Per-year non-value rate (batting) — surface only years with any non-value rows ==
+------+-------------+---------+---------------+
|  yr  | non_value_n | total_n | non_value_pct |
+------+-------------+---------+---------------+
| 1907 |         190 |   24645 |        0.7709 |
| 1908 |         174 |   25548 |        0.6811 |
| 1909 |         266 |   25834 |        1.0297 |
| 1910 |         243 |   26159 |        0.9289 |
| 1911 |         308 |   26571 |        1.1592 |
| 1912 |         497 |   26818 |        1.8532 |
| 1913 |         807 |   28359 |        2.8457 |
| 1914 |        1322 |   42373 |        3.1199 |
| 1915 |        1036 |   41471 |        2.4981 |
| 1916 |         633 |   28582 |        2.2147 |
| 1917 |         649 |   27932 |        2.3235 |
| 1918 |         448 |   21779 |        2.0570 |
| 1919 |         489 |   24409 |        2.0034 |
| 1920 |        1354 |   28116 |        4.8158 |
| 1921 |        1328 |   29119 |        4.5606 |
| 1922 |        1185 |   28677 |        4.1322 |
| 1923 |        1231 |   28950 |        4.2522 |
| 1924 |        1239 |   29388 |        4.2160 |
| 1925 |         878 |   29796 |        2.9467 |
| 1926 |         868 |   30195 |        2.8746 |
| 1927 |         591 |   29356 |        2.0132 |
| 1928 |         834 |   29298 |        2.8466 |
| 1929 |         930 |   29449 |        3.1580 |
| 1930 |         566 |   29861 |        1.8954 |
| 1931 |         433 |   28735 |        1.5069 |
| 1932 |         400 |   28641 |        1.3966 |
| 1933 |         763 |   28956 |        2.6350 |
| 1934 |         457 |   28826 |        1.5854 |
| 1935 |         562 |   28814 |        1.9504 |
| 1936 |         549 |   28893 |        1.9001 |
| 1937 |         555 |   31045 |        1.7877 |
| 1938 |         623 |   31359 |        1.9867 |
| 1939 |         612 |   34714 |        1.7630 |
| 1940 |         623 |   35242 |        1.7678 |
| 1941 |         585 |   34654 |        1.6881 |
| 1942 |         780 |   35478 |        2.1985 |
| 1943 |         971 |   36095 |        2.6901 |
| 1944 |         796 |   36273 |        2.1945 |
| 1945 |         817 |   35890 |        2.2764 |
| 1946 |         860 |   38601 |        2.2279 |
| 1947 |         868 |   38053 |        2.2810 |
| 1948 |         823 |   37868 |        2.1733 |
| 1949 |         737 |   35365 |        2.0840 |
| 1950 |         407 |   29970 |        1.3580 |
| 1951 |         400 |   30530 |        1.3102 |
| 1952 |         295 |   30186 |        0.9773 |
| 1953 |         357 |   31014 |        1.1511 |
| 1954 |         423 |   31074 |        1.3613 |
| 1955 |         323 |   31698 |        1.0190 |
| 1956 |         303 |   32059 |        0.9451 |
| 1957 |         274 |   32166 |        0.8518 |
| 1958 |         259 |   32377 |        0.8000 |
| 1959 |         295 |   32348 |        0.9120 |
| 1960 |         294 |   32818 |        0.8958 |
| 1961 |         271 |   36847 |        0.7355 |
| 1962 |         286 |   42187 |        0.6779 |
| 1963 |         150 |   41076 |        0.3652 |
| 1964 |         181 |   41830 |        0.4327 |
| 1965 |         115 |   42727 |        0.2692 |
| 1966 |         106 |   42043 |        0.2521 |
| 1967 |         100 |   42233 |        0.2368 |
| 1968 |          72 |   41282 |        0.1744 |
| 1969 |         198 |   50737 |        0.3902 |
| 1970 |          72 |   51040 |        0.1411 |
| 1971 |          58 |   49415 |        0.1174 |
| 1972 |          67 |   47668 |        0.1406 |
| 1973 |          51 |   50732 |        0.1005 |
| 1974 |          26 |   51623 |        0.0504 |
| 1975 |          43 |   51128 |        0.0841 |
| 1976 |          40 |   50831 |        0.0787 |
| 1977 |          17 |   56251 |        0.0302 |
| 1978 |          17 |   55484 |        0.0306 |
| 1979 |          18 |   55597 |        0.0324 |
| 1980 |           7 |   56804 |        0.0123 |
| 1981 |           8 |   38660 |        0.0207 |
+------+-------------+---------+---------------+
(75 rows)


== Per-year non-value rate (pitching) ==
+------+-------------+---------+---------------+
|  yr  | non_value_n | total_n | non_value_pct |
+------+-------------+---------+---------------+
| 1907 |         147 |    3376 |        4.3543 |
| 1908 |         225 |    3718 |        6.0516 |
| 1909 |         238 |    3803 |        6.2582 |
| 1910 |         200 |    3913 |        5.1112 |
| 1911 |         272 |    4134 |        6.5796 |
| 1912 |         756 |    4621 |       16.3601 |
| 1913 |         861 |    4981 |       17.2857 |
| 1914 |        1457 |    7532 |       19.3441 |
| 1915 |        1103 |    7122 |       15.4872 |
| 1916 |         672 |    4927 |       13.6391 |
| 1917 |         761 |    4863 |       15.6488 |
| 1918 |         883 |    3936 |       22.4339 |
| 1919 |        1300 |    4858 |       26.7600 |
| 1920 |        1467 |    5512 |       26.6147 |
| 1921 |         715 |    5106 |       14.0031 |
| 1922 |         849 |    5305 |       16.0038 |
| 1923 |         833 |    5315 |       15.6726 |
| 1924 |         908 |    5499 |       16.5121 |
| 1925 |         494 |    5143 |        9.6053 |
| 1926 |         573 |    5309 |       10.7930 |
| 1927 |         455 |    5052 |        9.0063 |
| 1928 |         839 |    5412 |       15.5026 |
| 1929 |         670 |    5328 |       12.5751 |
| 1930 |         583 |    5463 |       10.6718 |
| 1931 |         555 |    5149 |       10.7788 |
| 1932 |         438 |    5122 |        8.5513 |
| 1933 |         354 |    5042 |        7.0210 |
| 1934 |         363 |    5279 |        6.8763 |
| 1935 |         363 |    5225 |        6.9474 |
| 1936 |         363 |    5227 |        6.9447 |
| 1937 |         441 |    5793 |        7.6126 |
| 1938 |         448 |    5895 |        7.5997 |
| 1939 |         354 |    6357 |        5.5687 |
| 1940 |         360 |    6465 |        5.5684 |
| 1941 |         365 |    6291 |        5.8019 |
| 1942 |         453 |    6477 |        6.9940 |
| 1943 |         514 |    6683 |        7.6912 |
| 1944 |         518 |    6799 |        7.6188 |
| 1945 |         474 |    6666 |        7.1107 |
| 1946 |         572 |    7567 |        7.5591 |
| 1947 |         813 |    7809 |       10.4111 |
| 1948 |         711 |    7843 |        9.0654 |
| 1949 |         705 |    7192 |        9.8026 |
| 1950 |         447 |    5726 |        7.8065 |
| 1951 |         359 |    5734 |        6.2609 |
| 1952 |         294 |    5592 |        5.2575 |
| 1953 |         314 |    5949 |        5.2782 |
| 1954 |         312 |    5941 |        5.2516 |
| 1955 |         308 |    6304 |        4.8858 |
| 1956 |         340 |    6319 |        5.3806 |
| 1957 |         152 |    6217 |        2.4449 |
| 1958 |         179 |    6252 |        2.8631 |
| 1959 |         179 |    6166 |        2.9030 |
| 1960 |         143 |    6286 |        2.2749 |
| 1961 |         101 |    7141 |        1.4144 |
| 1962 |         232 |    8565 |        2.7087 |
| 1963 |         117 |    8188 |        1.4289 |
| 1964 |         107 |    8534 |        1.2538 |
| 1965 |          82 |    8723 |        0.9400 |
| 1966 |          95 |    8625 |        1.1014 |
| 1967 |          83 |    8565 |        0.9691 |
| 1968 |          45 |    8134 |        0.5532 |
| 1969 |         117 |   10302 |        1.1357 |
| 1970 |          87 |   10519 |        0.8271 |
| 1971 |          55 |    9796 |        0.5615 |
| 1972 |          72 |    9318 |        0.7727 |
| 1973 |          87 |    9407 |        0.9248 |
| 1974 |          29 |    9430 |        0.3075 |
| 1975 |          70 |    9441 |        0.7414 |
| 1976 |          23 |    9460 |        0.2431 |
| 1977 |          41 |   10756 |        0.3812 |
| 1978 |          20 |   10198 |        0.1961 |
| 1979 |           8 |   10682 |        0.0749 |
| 1980 |          16 |   10902 |        0.1468 |
| 1981 |           4 |    7638 |        0.0524 |
| 1986 |           1 |   11885 |        0.0084 |
+------+-------------+---------+---------------+
(76 rows)


== Per-year non-value rate (fielding) ==
+------+-------------+---------+---------------+
|  yr  | non_value_n | total_n | non_value_pct |
+------+-------------+---------+---------------+
| 1912 |         106 |   24938 |        0.4251 |
| 1913 |         107 |   25740 |        0.4157 |
| 1914 |         124 |   38454 |        0.3225 |
| 1915 |         264 |   38153 |        0.6920 |
| 1916 |         225 |   26155 |        0.8603 |
| 1917 |         160 |   25622 |        0.6245 |
| 1918 |          89 |   20303 |        0.4384 |
| 1919 |         195 |   22733 |        0.8578 |
| 1920 |         263 |   25431 |        1.0342 |
| 1921 |         382 |   26488 |        1.4422 |
| 1922 |         385 |   26006 |        1.4804 |
| 1923 |         385 |   26121 |        1.4739 |
| 1924 |         458 |   26602 |        1.7217 |
| 1925 |         437 |   27207 |        1.6062 |
| 1926 |         321 |   27353 |        1.1735 |
| 1927 |         368 |   26921 |        1.3670 |
| 1928 |         366 |   26605 |        1.3757 |
| 1929 |         413 |   26714 |        1.5460 |
| 1930 |         354 |   27443 |        1.2899 |
| 1931 |         310 |   26519 |        1.1690 |
| 1932 |         322 |   26498 |        1.2152 |
| 1933 |         293 |   26487 |        1.1062 |
| 1934 |         264 |   26601 |        0.9924 |
| 1935 |         212 |   26525 |        0.7992 |
| 1936 |         243 |   26576 |        0.9144 |
| 1937 |         239 |   28564 |        0.8367 |
| 1938 |         196 |   28776 |        0.6811 |
| 1939 |         172 |   31754 |        0.5417 |
| 1940 |         135 |   32276 |        0.4183 |
| 1941 |         198 |   31735 |        0.6239 |
| 1942 |         239 |   32395 |        0.7378 |
| 1943 |         189 |   32762 |        0.5769 |
| 1944 |         323 |   32986 |        0.9792 |
| 1945 |         220 |   32535 |        0.6762 |
| 1946 |         240 |   34451 |        0.6966 |
| 1947 |         337 |   34354 |        0.9810 |
| 1948 |         288 |   34119 |        0.8441 |
| 1949 |         238 |   32037 |        0.7429 |
| 1950 |         236 |   27254 |        0.8659 |
| 1951 |         114 |   27552 |        0.4138 |
| 1952 |         103 |   27529 |        0.3742 |
| 1953 |         149 |   28029 |        0.5316 |
| 1954 |         130 |   27910 |        0.4658 |
| 1955 |         129 |   28739 |        0.4489 |
| 1956 |         164 |   29014 |        0.5652 |
| 1957 |         162 |   29085 |        0.5570 |
| 1958 |         155 |   29299 |        0.5290 |
| 1959 |         125 |   29308 |        0.4265 |
| 1960 |         130 |   29667 |        0.4382 |
| 1961 |         121 |   33575 |        0.3604 |
| 1962 |         136 |   38459 |        0.3536 |
| 1963 |         159 |   37988 |        0.4186 |
| 1964 |         201 |   38623 |        0.5204 |
| 1965 |         207 |   39326 |        0.5264 |
| 1966 |         167 |   38851 |        0.4298 |
| 1967 |         178 |   38972 |        0.4567 |
| 1968 |         185 |   38276 |        0.4833 |
| 1969 |         264 |   46651 |        0.5659 |
| 1970 |         186 |   47105 |        0.3949 |
| 1971 |         162 |   46028 |        0.3520 |
| 1972 |         130 |   43898 |        0.2961 |
| 1973 |         222 |   45783 |        0.4849 |
| 1974 |          80 |   46336 |        0.1727 |
| 1975 |         126 |   45674 |        0.2759 |
| 1976 |          52 |   45475 |        0.1143 |
| 1977 |          86 |   50516 |        0.1702 |
| 1978 |          65 |   50068 |        0.1298 |
| 1979 |          86 |   50074 |        0.1717 |
| 1980 |          61 |   50852 |        0.1200 |
| 1981 |          18 |   34373 |        0.0524 |
+------+-------------+---------+---------------+
(70 rows)


== Per-year non-value rate (teamstats) ==
+------+-------------+---------+---------------+
|  yr  | non_value_n | total_n | non_value_pct |
+------+-------------+---------+---------------+
| 1907 |         610 |    3086 |       19.7667 |
| 1908 |         622 |    3120 |       19.9359 |
| 1909 |         716 |    3212 |       22.2914 |
| 1910 |         675 |    3173 |       21.2732 |
| 1911 |         765 |    3251 |       23.5312 |
| 1912 |         871 |    3353 |       25.9767 |
| 1913 |        1169 |    3677 |       31.7922 |
| 1914 |        1761 |    5527 |       31.8618 |
| 1915 |        1336 |    5076 |       26.3199 |
| 1916 |         812 |    3320 |       24.4578 |
| 1917 |         864 |    3370 |       25.6380 |
| 1918 |         844 |    2888 |       29.2244 |
| 1919 |        1200 |    3452 |       34.7625 |
| 1920 |        1577 |    4073 |       38.7184 |
| 1921 |        1217 |    3761 |       32.3584 |
| 1922 |        1188 |    3682 |       32.2651 |
| 1923 |        1218 |    3698 |       32.9367 |
| 1924 |        1178 |    3686 |       31.9588 |
| 1925 |         955 |    3499 |       27.2935 |
| 1926 |         888 |    3464 |       25.6351 |
| 1927 |         760 |    3310 |       22.9607 |
| 1928 |        1069 |    3589 |       29.7855 |
| 1929 |        1036 |    3560 |       29.1011 |
| 1930 |         783 |    3373 |       23.2138 |
| 1931 |         738 |    3264 |       22.6103 |
| 1932 |         638 |    3152 |       20.2411 |
| 1933 |         844 |    3358 |       25.1340 |
| 1934 |         634 |    3156 |       20.0887 |
| 1935 |         661 |    3201 |       20.6498 |
| 1936 |         668 |    3192 |       20.9273 |
| 1937 |         655 |    3565 |       18.3731 |
| 1938 |         638 |    3648 |       17.4890 |
| 1939 |         575 |    3905 |       14.7247 |
| 1940 |         543 |    3829 |       14.1812 |
| 1941 |         561 |    3871 |       14.4924 |
| 1942 |         647 |    4069 |       15.9007 |
| 1943 |         701 |    4265 |       16.4361 |
| 1944 |         707 |    4389 |       16.1085 |
| 1945 |         644 |    4232 |       15.2174 |
| 1946 |         682 |    4372 |       15.5993 |
| 1947 |         765 |    4453 |       17.1794 |
| 1948 |         781 |    4369 |       17.8759 |
| 1949 |         769 |    4185 |       18.3751 |
| 1950 |         633 |    3121 |       20.2820 |
| 1951 |         535 |    3029 |       17.6626 |
| 1952 |         445 |    2941 |       15.1309 |
| 1953 |         501 |    2997 |       16.7167 |
| 1954 |         540 |    3024 |       17.8571 |
| 1955 |         512 |    2998 |       17.0781 |
| 1956 |         531 |    3027 |       17.5421 |
| 1957 |         401 |    2889 |       13.8802 |
| 1958 |         402 |    2892 |       13.9004 |
| 1959 |         382 |    2876 |       13.2823 |
| 1960 |         371 |    2863 |       12.9584 |
| 1961 |         325 |    3201 |       10.1531 |
| 1962 |         435 |    3697 |       11.7663 |
| 1963 |         265 |    3513 |        7.5434 |
| 1964 |         338 |    3606 |        9.3733 |
| 1965 |         265 |    3527 |        7.5135 |
| 1966 |         244 |    3484 |        7.0034 |
| 1967 |         220 |    3476 |        6.3291 |
| 1968 |         202 |    3468 |        5.8247 |
| 1969 |         364 |    4280 |        8.5047 |
| 1970 |         243 |    4155 |        5.8484 |
| 1971 |         190 |    4096 |        4.6387 |
| 1972 |         185 |    3939 |        4.6966 |
| 1973 |         233 |    4155 |        5.6077 |
| 1974 |          94 |    4012 |        2.3430 |
| 1975 |         156 |    4052 |        3.8500 |
| 1976 |          81 |    3985 |        2.0326 |
| 1977 |          95 |    4333 |        2.1925 |
| 1978 |          70 |    4304 |        1.6264 |
| 1979 |          91 |    4317 |        2.1079 |
| 1980 |          65 |    4305 |        1.5099 |
| 1981 |          22 |    2876 |        0.7650 |
| 1986 |           1 |    4249 |        0.0235 |
+------+-------------+---------+---------------+
(76 rows)


== Modern-era (>=1960) non-value spotcheck — RED FLAG if any year >0.1% ==
+------+-------------+---------+---------------+
|  yr  | non_value_n | total_n | non_value_pct |
+------+-------------+---------+---------------+
| 1960 |         938 |   71634 |      1.309434 |
| 1961 |         818 |   80764 |      1.012827 |
| 1962 |        1089 |   92908 |      1.172127 |
| 1963 |         691 |   90765 |      0.761307 |
| 1964 |         827 |   92593 |      0.893156 |
| 1965 |         669 |   94303 |      0.709415 |
| 1966 |         612 |   93003 |      0.658043 |
| 1967 |         581 |   93246 |      0.623083 |
| 1968 |         504 |   91160 |      0.552874 |
| 1969 |         943 |  111970 |      0.842190 |
| 1970 |         588 |  112819 |      0.521189 |
| 1971 |         465 |  109335 |      0.425298 |
| 1972 |         454 |  104823 |      0.433111 |
| 1973 |         593 |  110077 |      0.538714 |
| 1974 |         229 |  111401 |      0.205564 |
| 1975 |         395 |  110295 |      0.358130 |
| 1976 |         196 |  109751 |      0.178586 |
| 1977 |         239 |  121856 |      0.196133 |
| 1978 |         172 |  120054 |      0.143269 |
| 1979 |         203 |  120670 |      0.168227 |
| 1980 |         149 |  122863 |      0.121273 |
| 1981 |          52 |   83547 |      0.062240 |
| 1986 |           2 |  126152 |      0.001585 |
+------+-------------+---------+---------------+
(23 rows)

