Output format is aligned.
Border style is 2.
Null display is "(null)".
== Reference table totals ==
+------------+-----------+
| table_name | row_count |
+------------+-----------+
| ballparks  |       629 |
| players    |     26223 |
| relatives  |      1256 |
| teams      |       274 |
+------------+-----------+
(4 rows)


== Year-scoped table grand totals ==
+-------------------+-----------+
|    table_name     | row_count |
+-------------------+-----------+
| batting           |   5396575 |
| fielding          |   4933199 |
| games             |    209311 |
| pitching          |   1199416 |
| players_team_year |    123558 |
| plays             |  15836549 |
| teamstats         |    465024 |
+-------------------+-----------+
(7 rows)


== Per-year, per-table row counts (full enumeration, 117 years) ==
+------+-------+-------------------+---------+----------+----------+-----------+--------+
|  yr  | games | players_team_year | batting | pitching | fielding | teamstats | plays  |
+------+-------+-------------------+---------+----------+----------+-----------+--------+
| 1907 |  1238 |               447 |   24645 |     3376 |    23706 |      3086 |  45077 |
| 1908 |  1249 |               470 |   25548 |     3718 |    24333 |      3120 |  51668 |
| 1909 |  1248 |               543 |   25834 |     3803 |    24429 |      3212 |  55265 |
| 1910 |  1249 |               537 |   26159 |     3913 |    24643 |      3173 |  54425 |
| 1911 |  1243 |               684 |   26571 |     4134 |    24821 |      3251 |  62810 |
| 1912 |  1241 |               749 |   26818 |     4621 |    24938 |      3353 | 101417 |
| 1913 |  1254 |               725 |   28359 |     4981 |    25740 |      3677 |  67276 |
| 1914 |  1883 |               903 |   42373 |     7532 |    38454 |      5527 |  98414 |
| 1915 |  1870 |               900 |   41471 |     7122 |    38153 |      5076 | 148318 |
| 1916 |  1254 |               706 |   28582 |     4927 |    26155 |      3320 |  99564 |
| 1917 |  1253 |               693 |   27932 |     4863 |    25622 |      3370 |  98687 |
| 1918 |  1022 |               716 |   21779 |     3936 |    20303 |      2888 |  81088 |
| 1919 |  1126 |               743 |   24409 |     4858 |    22733 |      3452 |  89499 |
| 1920 |  1248 |               834 |   28116 |     5512 |    25431 |      4073 | 100031 |
| 1921 |  1272 |               870 |   29119 |     5106 |    26488 |      3761 | 101195 |
| 1922 |  1247 |               847 |   28677 |     5305 |    26006 |      3682 | 100701 |
| 1923 |  1240 |               884 |   28950 |     5315 |    26121 |      3698 | 100616 |
| 1924 |  1254 |               960 |   29388 |     5499 |    26602 |      3686 | 100968 |
| 1925 |  1272 |              1006 |   29796 |     5143 |    27207 |      3499 | 102923 |
| 1926 |  1288 |               978 |   30195 |     5309 |    27353 |      3464 | 101136 |
| 1927 |  1275 |               977 |   29356 |     5052 |    26921 |      3310 | 100213 |
| 1928 |  1260 |               960 |   29298 |     5412 |    26605 |      3589 |  99099 |
| 1929 |  1262 |               968 |   29449 |     5328 |    26714 |      3560 | 100021 |
| 1930 |  1295 |               967 |   29861 |     5463 |    27443 |      3373 | 101000 |
| 1931 |  1263 |               926 |   28735 |     5149 |    26519 |      3264 |  99483 |
| 1932 |  1257 |              1066 |   28641 |     5122 |    26498 |      3152 |  99668 |
| 1933 |  1257 |               905 |   28956 |     5042 |    26487 |      3358 |  97663 |
| 1934 |  1261 |               933 |   28826 |     5279 |    26601 |      3156 |  99337 |
| 1935 |  1270 |               994 |   28814 |     5225 |    26525 |      3201 |  99844 |
| 1936 |  1262 |               849 |   28893 |     5227 |    26576 |      3192 | 101317 |
| 1937 |  1455 |              1132 |   31045 |     5793 |    28564 |      3565 | 103230 |
| 1938 |  1505 |              1073 |   31359 |     5895 |    28776 |      3648 | 103473 |
| 1939 |  1665 |              1102 |   34714 |     6357 |    31754 |      3905 | 110386 |
| 1940 |  1643 |              1057 |   35242 |     6465 |    32276 |      3829 |  99757 |
| 1941 |  1655 |              1073 |   34654 |     6291 |    31735 |      3871 |  99675 |
| 1942 |  1711 |              1114 |   35478 |     6477 |    32395 |      4069 |  97858 |
| 1943 |  1782 |              1217 |   36095 |     6683 |    32762 |      4265 |  99137 |
| 1944 |  1841 |              1123 |   36273 |     6799 |    32986 |      4389 |  99843 |
| 1945 |  1794 |              1217 |   35890 |     6666 |    32535 |      4232 |  99069 |
| 1946 |  1845 |              1303 |   38601 |     7567 |    34451 |      4372 |  99726 |
| 1947 |  1844 |              1087 |   38053 |     7809 |    34354 |      4453 |  99538 |
| 1948 |  1794 |              1039 |   37868 |     7843 |    34119 |      4369 | 109992 |
| 1949 |  1708 |               980 |   35365 |     7192 |    32037 |      4185 | 110386 |
| 1950 |  1244 |               657 |   29970 |     5726 |    27254 |      3121 |  99137 |
| 1951 |  1247 |               702 |   30530 |     5734 |    27552 |      3029 |  99091 |
| 1952 |  1248 |               716 |   30186 |     5592 |    27529 |      2941 |  97843 |
| 1953 |  1248 |               682 |   31014 |     5949 |    28029 |      2997 |  98207 |
| 1954 |  1242 |               666 |   31074 |     5941 |    27910 |      3024 |  98103 |
| 1955 |  1243 |               741 |   31698 |     6304 |    28739 |      2998 |  97909 |
| 1956 |  1248 |               721 |   32059 |     6319 |    29014 |      3027 |  98020 |
| 1957 |  1244 |               707 |   32166 |     6217 |    29085 |      2889 |  98300 |
| 1958 |  1245 |               725 |   32377 |     6252 |    29299 |      2892 |  97056 |
| 1959 |  1247 |               742 |   32348 |     6166 |    29308 |      2876 |  97708 |
| 1960 |  1246 |               740 |   32818 |     6286 |    29667 |      2863 |  98061 |
| 1961 |  1438 |               796 |   36847 |     7141 |    33575 |      3201 | 113167 |
| 1962 |  1631 |               837 |   42187 |     8565 |    38459 |      3697 | 128971 |
| 1963 |  1624 |               805 |   41076 |     8188 |    37988 |      3513 | 126358 |
| 1964 |  1634 |               806 |   41830 |     8534 |    38623 |      3606 | 127146 |
| 1965 |  1631 |               804 |   42727 |     8723 |    39326 |      3527 | 127341 |
| 1966 |  1620 |               827 |   42043 |     8625 |    38851 |      3484 | 126082 |
| 1967 |  1628 |               839 |   42233 |     8565 |    38972 |      3476 | 126326 |
| 1968 |  1633 |               768 |   41282 |     8134 |    38276 |      3468 | 125436 |
| 1969 |  1958 |               991 |   50737 |    10302 |    46651 |      4280 | 154228 |
| 1970 |  1956 |               977 |   51040 |    10519 |    47105 |      4155 | 155244 |
| 1971 |  1953 |               943 |   49415 |     9796 |    46028 |      4096 | 152479 |
| 1972 |  1877 |               950 |   47668 |     9318 |    43898 |      3939 | 145977 |
| 1973 |  1961 |               953 |   50732 |     9407 |    45783 |      4155 | 155421 |
| 1974 |  1959 |               973 |   51623 |     9430 |    46336 |      4012 | 155628 |
| 1975 |  1948 |               964 |   51128 |     9441 |    45674 |      4052 | 155651 |
| 1976 |  1952 |               944 |   50831 |     9460 |    45475 |      3985 | 154974 |
| 1977 |  2119 |              1046 |   56251 |    10756 |    50516 |      4333 | 169592 |
| 1978 |  2117 |              1021 |   55484 |    10198 |    50068 |      4304 | 166880 |
| 1979 |  2113 |              1023 |   55597 |    10682 |    50074 |      4317 | 168025 |
| 1980 |  2120 |              1011 |   56804 |    10902 |    50852 |      4305 | 169119 |
| 1981 |  1427 |              1005 |   38660 |     7638 |    34373 |      2876 | 112736 |
| 1982 |  2123 |              1048 |   56531 |    11132 |    50799 |      4246 | 168988 |
| 1983 |  2123 |              1066 |   56802 |    11059 |    51199 |      4246 | 168504 |
| 1984 |  2119 |              1042 |   57559 |    11264 |    51752 |      4238 | 168093 |
| 1985 |  2124 |              1058 |   57660 |    11627 |    51698 |      4248 | 168163 |
| 1986 |  2124 |              1074 |   57632 |    11885 |    52386 |      4249 | 169450 |
| 1987 |  2125 |              1106 |   57865 |    12283 |    52432 |      4250 | 170596 |
| 1988 |  2117 |              1094 |   56566 |    11652 |    51080 |      4234 | 167844 |
| 1989 |  2121 |              1133 |   57587 |    12224 |    52145 |      4242 | 167695 |
| 1990 |  2120 |              1173 |   58652 |    12800 |    52922 |      4240 | 168057 |
| 1991 |  2124 |              1145 |   59650 |    13311 |    54248 |      4248 | 169047 |
| 1992 |  2126 |              1123 |   58928 |    13399 |    53392 |      4252 | 168858 |
| 1993 |  2288 |              1238 |   63370 |    14976 |    57690 |      4576 | 182947 |
| 1994 |  1601 |              1089 |   44125 |    10659 |    40248 |      3202 | 129392 |
| 1995 |  2049 |              1314 |   58028 |    14177 |    52733 |      4098 | 165295 |
| 1996 |  2300 |              1310 |   65085 |    15869 |    59342 |      4600 | 186304 |
| 1997 |  2301 |              1296 |   65119 |    16117 |    59464 |      4602 | 184886 |
| 1998 |  2463 |              1382 |   69094 |    17065 |    63236 |      4926 | 197418 |
| 1999 |  2460 |              1363 |   69594 |    17531 |    63838 |      4920 | 199153 |
| 2000 |  2461 |              1450 |   69819 |    17478 |    63788 |      4922 | 198993 |
| 2001 |  2465 |              1402 |   69540 |    17881 |    63545 |      4930 | 196072 |
| 2002 |  2461 |              1383 |   69426 |    17918 |    63557 |      4922 | 195307 |
| 2003 |  2469 |              1416 |   69680 |    18126 |    63638 |      4938 | 196298 |
| 2004 |  2463 |              1413 |   69992 |    18591 |    63951 |      4926 | 197139 |
| 2005 |  2462 |              1397 |   69367 |    18281 |    63366 |      4924 | 194329 |
| 2006 |  2460 |              1449 |   70234 |    18952 |    64223 |      4920 | 196183 |
| 2007 |  2460 |              1450 |   71026 |    19549 |    65063 |      4920 | 196818 |
| 2008 |  2461 |              1451 |   70562 |    19303 |    64770 |      4922 | 196178 |
| 2009 |  2461 |              1459 |   70009 |    19394 |    64266 |      4922 | 195748 |
| 2010 |  2463 |              1437 |   69896 |    19064 |    64119 |      4926 | 194330 |
| 2011 |  2468 |              1472 |   69946 |    19119 |    64308 |      4936 | 194946 |
| 2012 |  2468 |              1482 |   70702 |    19741 |    65196 |      4936 | 193716 |
| 2013 |  2470 |              1486 |   70461 |    19551 |    64893 |      4940 | 193816 |
| 2014 |  2463 |              1514 |   70607 |    19645 |    64817 |      4926 | 192647 |
| 2015 |  2466 |              1562 |   71691 |    20298 |    66021 |      4932 | 192450 |
| 2016 |  2464 |              1561 |   71608 |    20503 |    66079 |      4928 | 193457 |
| 2017 |  2469 |              1565 |   71940 |    20885 |    66567 |      4938 | 194187 |
| 2018 |  2465 |              1605 |   72759 |    21573 |    67606 |      4930 | 193809 |
| 2019 |  2467 |              1640 |   72881 |    21812 |    68237 |      4934 | 194946 |
| 2020 |   951 |              1364 |   28413 |     8499 |    26410 |      1902 |  72711 |
| 2021 |  2467 |              1788 |   72891 |    21963 |    68052 |      4934 | 190130 |
| 2022 |  2471 |              1745 |   72180 |    21279 |    67340 |      4942 | 190496 |
| 2023 |  2472 |              1674 |   72476 |    21062 |    67623 |      4944 | 193679 |
+------+-------+-------------------+---------+----------+----------+-----------+--------+
(117 rows)


== Zero-count cells (any table empty for a given year — RED FLAG) ==
+----+-----+---+
| yr | tbl | n |
+----+-----+---+
+----+-----+---+
(0 rows)

