Output format is aligned.
Border style is 2.
Null display is "(null)".
== GAME 1: 1923-04-18 NYA vs BOS — Yankee Stadium opener ==
+--------------+------------+----------+---------+-------+-------+-------+------------+----------+
|     gid      |    date    | hometeam | visteam | site  | vruns | hruns | attendance | gametype |
+--------------+------------+----------+---------+-------+-------+-------+------------+----------+
| NYA192304180 | 1923-04-18 | NYA      | BOS     | NYC16 |     1 |     4 | 74200      | regular  |
+--------------+------------+----------+---------+-------+-------+-------+------------+----------+
(1 row)

-- Per-team box for that gid:
+--------------+------+------+------+----+----------------+-----+
|     gid      | team | hits | runs | hr | errors_allowed | lob |
+--------------+------+------+------+----+----------------+-----+
| NYA192304180 | BOS  |    3 |    1 |  0 |              1 |   4 |
| NYA192304180 | NYA  |    7 |    4 |  1 |              1 |   5 |
+--------------+------+------+------+----+----------------+-----+
(2 rows)

-- Key play: Ruth 3-run HR (look up via plays):
+--------------+--------+---------+----------+-------------+----------+----+--------------+
|     gid      | inning | top_bot |  batter  | batter_name | pitcher  | hr | runs_on_play |
+--------------+--------+---------+----------+-------------+----------+----+--------------+
| NYA192304180 |      3 |       1 | ruthb101 | Babe Ruth   | ehmkh101 |  1 |            3 |
+--------------+--------+---------+----------+-------------+----------+----+--------------+
(1 row)


== GAME 2: 1956-10-08 NYA vs BRO — Larsen perfect game (WS G5) ==
+--------------+------------+----------+---------+-------+-------+-------+------------+-------------+
|     gid      |    date    | hometeam | visteam | site  | vruns | hruns | attendance |  gametype   |
+--------------+------------+----------+---------+-------+-------+-------+------------+-------------+
| NYA195610080 | 1956-10-08 | NYA      | BRO     | NYC16 |     0 |     2 | 64519      | worldseries |
+--------------+------------+----------+---------+-------+-------+-------+------------+-------------+
(1 row)

-- Per-team line — BRO should show 0 hits, 0 walks, 27 batters faced:
+--------------+------+----+----+------+-------+-----+------+-----+
|     gid      | team | pa | ab | hits | walks | hbp | runs | lob |
+--------------+------+----+----+------+-------+-----+------+-----+
| NYA195610080 | BRO  | 27 | 27 |    0 |     0 |   0 |    0 |   0 |
| NYA195610080 | NYA  | 29 | 26 |    5 |     2 |   0 |    2 |   3 |
+--------------+------+----+----+------+-------+-----+------+-----+
(2 rows)

-- Larsen pitching line — expect 27 outs, 0 H, 0 BB, 1 game complete:
+----------+--------------+----------+-----+-----+-----+------+----+
|    id    | pitcher_name | p_ipouts | p_h | p_w | p_k | p_cg | wp |
+----------+--------------+----------+-----+-----+-----+------+----+
| larsd102 | Don Larsen   |       27 |   0 |   0 |   7 | t    | t  |
+----------+--------------+----------+-----+-----+-----+------+----+
(1 row)


== GAME 3: 1974-04-08 ATL vs LAN — Aaron 715th HR ==
+--------------+------------+----------+---------+-------+-------+-------+------------+----------+
|     gid      |    date    | hometeam | visteam | site  | vruns | hruns | attendance | gametype |
+--------------+------------+----------+---------+-------+-------+-------+------------+----------+
| ATL197404080 | 1974-04-08 | ATL      | LAN     | ATL01 |     4 |     7 | 53775      | regular  |
+--------------+------------+----------+---------+-------+-------+-------+------------+----------+
(1 row)

-- Per-team line:
+--------------+------+------+------+----+
|     gid      | team | hits | runs | hr |
+--------------+------+------+------+----+
| ATL197404080 | ATL  |    4 |    7 |  1 |
| ATL197404080 | LAN  |    7 |    4 |  0 |
+--------------+------+------+------+----+
(2 rows)

-- Aarons HR(s) in this game — expect 1 in inning 4 off Al Downing (downa101):
+--------------+--------+---------+----------+------------+----------+------------+----+--------------+
|     gid      | inning | top_bot |  batter  |   batter   | pitcher  |  pitcher   | hr | runs_on_play |
+--------------+--------+---------+----------+------------+----------+------------+----+--------------+
| ATL197404080 |      4 |       1 | aaroh101 | Hank Aaron | downa101 | Al Downing |  1 |            2 |
+--------------+--------+---------+----------+------------+----------+------------+----+--------------+
(1 row)


== GAME 4: 2001-11-04 ARI vs NYA — World Series Game 7 ==
+--------------+------------+----------+---------+-------+-------+-------+------------+-------------+
|     gid      |    date    | hometeam | visteam | site  | vruns | hruns | attendance |  gametype   |
+--------------+------------+----------+---------+-------+-------+-------+------------+-------------+
| ARI200111040 | 2001-11-04 | ARI      | NYA     | PHO01 |     2 |     3 | 49589      | worldseries |
+--------------+------------+----------+---------+-------+-------+-------+------------+-------------+
(1 row)

-- Per-team line — expect ARI 3 NYA 2:
+--------------+------+------+------+-----+
|     gid      | team | hits | runs | lob |
+--------------+------+------+------+-----+
| ARI200111040 | ARI  |   11 |    3 |  11 |
| ARI200111040 | NYA  |    6 |    2 |   3 |
+--------------+------+------+------+-----+
(2 rows)

-- Final inning context — bottom 9 plays, expect Gonzalez walk-off off Rivera:
+--------------+--------+---------+----------+-----------+----------------+----------------+-------------------------+--------------+
|     gid      | inning | top_bot | outs_pre | outs_post |     batter     |    pitcher     |          event          | runs_on_play |
+--------------+--------+---------+----------+-----------+----------------+----------------+-------------------------+--------------+
| ARI200111040 |      9 |       1 |        0 |         0 | Mark Grace     | Mariano Rivera | S8                      |            0 |
| ARI200111040 |      9 |       1 |        0 |         0 | Damian Miller  | Mariano Rivera | FC1/BG1.1-2(E1/TH2);B-1 |            0 |
| ARI200111040 |      9 |       1 |        0 |         1 | Jay Bell       | Mariano Rivera | 15(2)/FO/BG15S.1-2      |            0 |
| ARI200111040 |      9 |       1 |        1 |         1 | Tony Womack    | Mariano Rivera | D9/L9L.2-H(UR);1-3      |            1 |
| ARI200111040 |      9 |       1 |        1 |         1 | Craig Counsell | Mariano Rivera | HP                      |            0 |
| ARI200111040 |      9 |       1 |        1 |         1 | Luis Gonzalez  | Mariano Rivera | S8/F6MD.3-H;2-3;1-2     |            1 |
+--------------+--------+---------+----------+-----------+----------------+----------------+-------------------------+--------------+
(6 rows)

